<?xml version="1.0" encoding="UTF-8"?>
<testng-results skipped="0" failed="0" total="1" passed="1">
  <reporter-output>
  </reporter-output>
  <suite name="Default suite" duration-ms="13026" started-at="2016-08-22T10:40:39Z" finished-at="2016-08-22T10:40:52Z">
    <groups>
    </groups>
    <test name="Default test" duration-ms="13026" started-at="2016-08-22T10:40:39Z" finished-at="2016-08-22T10:40:52Z">
      <class name="TestAutomation.TestAutomation_Framework.TC_Login">
        <test-method status="PASS" signature="initialize()[pri:0, instance:TestAutomation.TestAutomation_Framework.TC_Login@16c0663d]" name="initialize" is-config="true" duration-ms="9271" started-at="2016-08-22T16:10:39Z" finished-at="2016-08-22T16:10:48Z">
          <reporter-output>
          </reporter-output>
        </test-method> <!-- initialize -->
        <test-method status="PASS" signature="testLogin()[pri:0, instance:TestAutomation.TestAutomation_Framework.TC_Login@16c0663d]" name="testLogin" duration-ms="1925" started-at="2016-08-22T16:10:48Z" finished-at="2016-08-22T16:10:50Z">
          <reporter-output>
          </reporter-output>
        </test-method> <!-- testLogin -->
        <test-method status="PASS" signature="terminate()[pri:0, instance:TestAutomation.TestAutomation_Framework.TC_Login@16c0663d]" name="terminate" is-config="true" duration-ms="1813" started-at="2016-08-22T16:10:50Z" finished-at="2016-08-22T16:10:52Z">
          <reporter-output>
          </reporter-output>
        </test-method> <!-- terminate -->
      </class> <!-- TestAutomation.TestAutomation_Framework.TC_Login -->
    </test> <!-- Default test -->
  </suite> <!-- Default suite -->
</testng-results>
